<?xml version="1.0" encoding="UTF-8"?>
<coverage generated="1736113282266" clover="3.2.0">
  <project timestamp="1736113282266" name="All files">
    <metrics statements="14" coveredstatements="10" conditionals="0" coveredconditionals="0" methods="4" coveredmethods="2" elements="18" coveredelements="12" complexity="0" loc="14" ncloc="14" packages="1" files="1" classes="1"/>
    <file name="expressServer.ts" path="/Users/nuxa/Documents/proget/vela/back/src/infrastructure/server/express/expressServer.ts">
      <metrics statements="14" coveredstatements="10" conditionals="0" coveredconditionals="0" methods="4" coveredmethods="2"/>
      <line num="1" count="1" type="stmt"/>
      <line num="7" count="1" type="stmt"/>
      <line num="9" count="2" type="stmt"/>
      <line num="10" count="2" type="stmt"/>
      <line num="11" count="2" type="stmt"/>
      <line num="15" count="0" type="stmt"/>
      <line num="16" count="0" type="stmt"/>
      <line num="20" count="1" type="stmt"/>
      <line num="21" count="1" type="stmt"/>
      <line num="22" count="0" type="stmt"/>
      <line num="25" count="0" type="stmt"/>
      <line num="30" count="1" type="stmt"/>
      <line num="32" count="1" type="stmt"/>
      <line num="34" count="1" type="stmt"/>
    </file>
  </project>
</coverage>
