{"/Users/nuxa/Documents/proget/vela/back/src/infrastructure/server/express/expressServer.ts": {"path":"/Users/nuxa/Documents/proget/vela/back/src/infrastructure/server/express/expressServer.ts","statementMap":{"0":{"start":{"line":1,"column":0},"end":{"line":1,"column":30}},"1":{"start":{"line":9,"column":24},"end":{"line":9,"column":48}},"2":{"start":{"line":10,"column":8},"end":{"line":10,"column":37}},"3":{"start":{"line":11,"column":8},"end":{"line":11,"column":61}},"4":{"start":{"line":15,"column":8},"end":{"line":15,"column":33}},"5":{"start":{"line":16,"column":8},"end":{"line":16,"column":20}},"6":{"start":{"line":20,"column":8},"end":{"line":26,"column":9}},"7":{"start":{"line":21,"column":12},"end":{"line":23,"column":15}},"8":{"start":{"line":22,"column":16},"end":{"line":22,"column":81}},"9":{"start":{"line":25,"column":12},"end":{"line":25,"column":59}},"10":{"start":{"line":7,"column":0},"end":{"line":7,"column":13}},"11":{"start":{"line":30,"column":12},"end":{"line":30,"column":21}},"12":{"start":{"line":32,"column":15},"end":{"line":32,"column":37}},"13":{"start":{"line":34,"column":0},"end":{"line":34,"column":39}}},"fnMap":{"0":{"name":"(anonymous_8)","decl":{"start":{"line":9,"column":4},"end":{"line":9,"column":24}},"loc":{"start":{"line":9,"column":48},"end":{"line":12,"column":5}}},"1":{"name":"(anonymous_9)","decl":{"start":{"line":14,"column":11},"end":{"line":14,"column":14}},"loc":{"start":{"line":14,"column":49},"end":{"line":17,"column":5}}},"2":{"name":"(anonymous_10)","decl":{"start":{"line":19,"column":17},"end":{"line":19,"column":22}},"loc":{"start":{"line":19,"column":38},"end":{"line":27,"column":null}}},"3":{"name":"(anonymous_12)","decl":{"start":{"line":21,"column":41},"end":{"line":21,"column":44}},"loc":{"start":{"line":21,"column":46},"end":{"line":23,"column":13}}}},"branchMap":{},"s":{"0":1,"1":2,"2":2,"3":2,"4":0,"5":0,"6":1,"7":1,"8":0,"9":0,"10":1,"11":1,"12":1,"13":1},"f":{"0":2,"1":0,"2":1,"3":0},"b":{}}
}
